00:54:09  INFO   ========================================================
00:54:09  INFO     CEMAC MONETARY INTELLIGENCE — PIPELINE
00:54:09  INFO     Démarrage : 2026-03-17 00:54:09
00:54:09  INFO     Run ID    : 20260317_005409
00:54:09  INFO     Racine    : C:\Users\HOME\Downloads\beac-project
00:54:09  INFO   ========================================================
00:54:09  INFO   ────────────────────────────────────────────────────────
00:54:09  INFO     VALIDATION ENVIRONNEMENT
00:54:09  INFO   ────────────────────────────────────────────────────────
00:54:09  INFO     ✓  datalake\raw\beac\IPC_CMR.xlsx
00:54:09  INFO     ✓  datalake\raw\beac\COMPTES_NAT_CMR.xlsx
00:54:09  INFO     ✓  datalake\raw\beac\STAT_MONETAIRE_CMR.xlsx
00:54:09  INFO     ✓  datalake\raw\beac\RESERVES_CMR.xlsx
00:54:09  INFO     ✓  datalake\raw\beac\TOFE_CMR.xlsx
00:54:09  INFO     ✓  datalake\raw\beac\TIAO_-_Copie.xlsx
00:54:09  INFO     ✓  datalake\raw\beac\Base_inflation_CEMAC.xlsx
00:54:09  INFO     ✓  datalake\raw\beac\Reserves_Change_CEMAC.xlsx
00:54:09  INFO     ✓  FRED_API_KEY définie (c024****)
00:54:09  WARNING    ⚠  Routing.sh absent → étape 1 ignorée
00:54:09  INFO   
00:54:09  INFO     Étapes à exécuter : [10, 11]
00:54:09  INFO   
00:54:09  INFO     ▶  [10] Fusion globale → macro_global_v1.csv
00:54:13  INFO   NumExpr defaulting to 4 threads.
00:54:13  INFO     ✓  [10] OK — macro_global_v1.csv (64 lignes, 23 Ko) en 2.6s
00:54:13  INFO   
00:54:13  INFO     ▶  [11] Préparation ML → macro_global_v2.csv + ready CSVs
00:54:17  INFO     ✓  [11] OK — macro_global_v2.csv (64 lignes, 27 Ko) en 3.4s
00:54:17  INFO   
00:54:17  INFO   
00:54:17  INFO   ========================================================
00:54:17  INFO     RAPPORT D'EXÉCUTION DU PIPELINE
00:54:17  INFO   ========================================================
00:54:17  INFO     [10] OK       Fusion globale → macro_global_v1.csv  64 lignes
00:54:17  INFO     [11] OK       Préparation ML → macro_global_v2.csv + ready CSVs  64 lignes
00:54:17  INFO   
00:54:17  INFO     Réussi   : 2 étapes
00:54:17  INFO     Ignoré   : 0 étapes (optionnelles)
00:54:17  INFO     Échoué   : 0 étapes
00:54:17  INFO     Durée totale : 7.3s
00:54:17  INFO     Log sauvegardé : C:\Users\HOME\Downloads\beac-project\logs\pipeline_20260317_005409.log
00:54:17  INFO   ========================================================
00:54:17  INFO   
00:54:17  INFO     FICHIERS ML-READY :
00:54:17  INFO       ✓  macro_global_v2.csv       64×57  NaN=35
00:54:17  INFO       ✓  bvar_ready.csv            60×13  NaN=0
00:54:17  INFO       ✓  hmm_ready.csv             64×5  NaN=0
00:54:17  INFO       ✓  nk_ready.csv              63×11  NaN=0
