16:45:02  INFO   ========================================================
16:45:02  INFO     CEMAC MONETARY INTELLIGENCE — PIPELINE
16:45:02  INFO     Démarrage : 2026-03-16 16:45:02
16:45:02  INFO     Run ID    : 20260316_164502
16:45:02  INFO     Racine    : C:\Users\HOME\Downloads\beac-project
16:45:02  INFO   ========================================================
16:45:02  INFO   ────────────────────────────────────────────────────────
16:45:02  INFO     VALIDATION ENVIRONNEMENT
16:45:02  INFO   ────────────────────────────────────────────────────────
16:45:02  INFO     ✓  datalake\raw\beac\IPC_CMR.xlsx
16:45:02  INFO     ✓  datalake\raw\beac\COMPTES_NAT_CMR.xlsx
16:45:02  INFO     ✓  datalake\raw\beac\STAT_MONETAIRE_CMR.xlsx
16:45:02  INFO     ✓  datalake\raw\beac\RESERVES_CMR.xlsx
16:45:02  INFO     ✓  datalake\raw\beac\TOFE_CMR.xlsx
16:45:02  INFO     ✓  datalake\raw\beac\TIAO_-_Copie.xlsx
16:45:02  INFO     ✓  datalake\raw\beac\Base_inflation_CEMAC.xlsx
16:45:02  INFO     ✓  datalake\raw\beac\Reserves_Change_CEMAC.xlsx
16:45:02  WARNING    ⚠  FRED_API_KEY absente → étape 9 sera ignorée
16:45:02  WARNING    ⚠  Routing.sh absent → étape 1 ignorée
16:45:02  INFO   
16:45:02  INFO     Étapes à exécuter : [2, 3, 4, 5, 6, 7, 8, 9, 10, 11]
16:45:02  INFO   
16:45:02  INFO     ▶  [02] ETL IPC → ipc.csv
16:45:30  ERROR    ✗  [02] ÉCHEC (retcode=1)
16:45:30  ERROR         %"
          ^^^^^^^^^^^^^^^^^^^^^^^^^^^^^^^^^^^^^^^^^^^^^^^
          f"  |  null {ipc['inflation'].isna().sum()}")
          ^^^^^^^^^^^^^^^^^^^^^^^^^^^^^^^^^^^^^^^^^^^^^
  File "C:\Users\HOME\anaconda3\Lib\encodings\cp1252.py", line 19, in encode
    return codecs.charmap_encode(input,self.errors,encoding_table)[0]
           ~~~~~~~~~~~~~~~~~~~~~^^^^^^^^^^^^^^^^^^^^^^^^^^^^^^^^^^
UnicodeEncodeError: 'charmap' codec can't encode character '\u2192' in position 24: character maps to <undefined>
16:45:30  ERROR  
16:45:30  ERROR    Étape critique 2 échouée — pipeline interrompu.
16:45:30  ERROR    Relancer avec : python run_pipeline.py --step 2
16:45:30  INFO   
16:45:30  INFO   ========================================================
16:45:30  INFO     RAPPORT D'EXÉCUTION DU PIPELINE
16:45:30  INFO   ========================================================
16:45:30  INFO     [02] ÉCHEC    ETL IPC → ipc.csv
16:45:30  INFO             ↳ %"
          ^^^^^^^^^^^^^^^^^^^^^^^^^^^^^^^^^^^^^^^^^^^^^^^
          f"  |  nu
16:45:30  INFO   
16:45:30  INFO     Réussi   : 0 étapes
16:45:30  INFO     Ignoré   : 0 étapes (optionnelles)
16:45:30  INFO     Échoué   : 1 étapes
16:45:30  INFO     Durée totale : 28.4s
16:45:30  INFO     Log sauvegardé : C:\Users\HOME\Downloads\beac-project\logs\pipeline_20260316_164502.log
16:45:30  INFO   ========================================================
16:45:30  INFO   
16:45:30  INFO     FICHIERS ML-READY :
16:45:30  INFO       ✗  macro_global_v2.csv — non produit
16:45:30  INFO       ✗  bvar_ready.csv — non produit
16:45:30  INFO       ✗  hmm_ready.csv — non produit
16:45:30  INFO       ✗  nk_ready.csv — non produit
16:45:30  ERROR  
16:45:30  ERROR    ⚠  DES ÉTAPES ONT ÉCHOUÉ. Vérifier les logs ci-dessus.
16:45:30  ERROR       Astuce : relancer avec --step N pour reprendre à l'étape N.
