17:55:15  INFO   ========================================================
17:55:15  INFO     CEMAC MONETARY INTELLIGENCE — PIPELINE
17:55:15  INFO     Démarrage : 2026-03-16 17:55:15
17:55:15  INFO     Run ID    : 20260316_175515
17:55:15  INFO     Racine    : C:\Users\HOME\Downloads\beac-project
17:55:15  INFO   ========================================================
17:55:15  INFO   ────────────────────────────────────────────────────────
17:55:15  INFO     VALIDATION ENVIRONNEMENT
17:55:15  INFO   ────────────────────────────────────────────────────────
17:55:15  INFO     ✓  datalake\raw\beac\IPC_CMR.xlsx
17:55:15  INFO     ✓  datalake\raw\beac\COMPTES_NAT_CMR.xlsx
17:55:15  INFO     ✓  datalake\raw\beac\STAT_MONETAIRE_CMR.xlsx
17:55:15  INFO     ✓  datalake\raw\beac\RESERVES_CMR.xlsx
17:55:15  INFO     ✓  datalake\raw\beac\TOFE_CMR.xlsx
17:55:15  INFO     ✓  datalake\raw\beac\TIAO_-_Copie.xlsx
17:55:15  INFO     ✓  datalake\raw\beac\Base_inflation_CEMAC.xlsx
17:55:15  INFO     ✓  datalake\raw\beac\Reserves_Change_CEMAC.xlsx
17:55:15  INFO     ✓  FRED_API_KEY définie (c024****)
17:55:15  WARNING    ⚠  Routing.sh absent → étape 1 ignorée
17:55:15  INFO   
17:55:15  INFO     Étapes à exécuter : [2, 3, 4, 5, 6, 7, 8, 9, 10, 11]
17:55:15  INFO   
17:55:15  INFO     ▶  [02] ETL IPC → ipc.csv
17:55:40  INFO          OK  ipc.csv  |  2008-Q1 -> 2024-Q4  |  68 obs  |  infl moy 2.76%  |  null 4
17:55:41  INFO   NumExpr defaulting to 4 threads.
17:55:42  INFO     ✓  [02] OK — ipc.csv (68 lignes, 1 Ko) en 24.4s
17:55:42  INFO   
17:55:42  INFO     ▶  [03] ETL Comptes nationaux → comptes_nat.csv
17:55:45  INFO          OK  comptes_nat.csv  |  2008-Q1 -> 2024-Q4  |  68 obs  |  croissance moy 3.67%  |  null 0
17:55:45  INFO     ✓  [03] OK — comptes_nat.csv (68 lignes, 3 Ko) en 3.7s
17:55:45  INFO   
17:55:45  INFO     ▶  [04] ETL Monétaire → monetaire.csv
17:55:50  INFO          OK  monetaire.csv  |  2008-Q1 -> 2024-Q4  |  68 obs  |  M2 growth moy 10.05%  |  null 0
17:55:51  INFO     ✓  [04] OK — monetaire.csv (68 lignes, 3 Ko) en 5.0s
17:55:51  INFO   
17:55:51  INFO     ▶  [05] ETL Réserves → reserves.csv
17:55:54  ERROR    ✗  [05] ÉCHEC (retcode=1)
17:55:54  ERROR            ^^^^^^^^^^^^^^^^^^^^^^^^^^^^^^^^^^^^^^^^^^^^^^^^^^^
          f"  |  chocs {int(res['reserves_flag'].sum())}")
          ^^^^^^^^^^^^^^^^^^^^^^^^^^^^^^^^^^^^^^^^^^^^^^^^
  File "C:\Users\HOME\anaconda3\Lib\encodings\cp1252.py", line 19, in encode
    return codecs.charmap_encode(input,self.errors,encoding_table)[0]
           ~~~~~~~~~~~~~~~~~~~~~^^^^^^^^^^^^^^^^^^^^^^^^^^^^^^^^^^
UnicodeEncodeError: 'charmap' codec can't encode character '\u2192' in position 71: character maps to <undefined>
17:55:54  ERROR  
17:55:54  ERROR    Étape critique 5 échouée — pipeline interrompu.
17:55:54  ERROR    Relancer avec : python run_pipeline.py --step 5
17:55:54  INFO   
17:55:54  INFO   ========================================================
17:55:54  INFO     RAPPORT D'EXÉCUTION DU PIPELINE
17:55:54  INFO   ========================================================
17:55:54  INFO     [02] OK       ETL IPC → ipc.csv  68 lignes
17:55:54  INFO     [03] OK       ETL Comptes nationaux → comptes_nat.csv  68 lignes
17:55:54  INFO     [04] OK       ETL Monétaire → monetaire.csv  68 lignes
17:55:54  INFO     [05] ÉCHEC    ETL Réserves → reserves.csv
17:55:54  INFO             ↳    ^^^^^^^^^^^^^^^^^^^^^^^^^^^^^^^^^^^^^^^^^^^^^^^^^^^
          f"  |  chocs {i
17:55:54  INFO   
17:55:54  INFO     Réussi   : 3 étapes
17:55:54  INFO     Ignoré   : 0 étapes (optionnelles)
17:55:54  INFO     Échoué   : 1 étapes
17:55:54  INFO     Durée totale : 39.0s
17:55:54  INFO     Log sauvegardé : C:\Users\HOME\Downloads\beac-project\logs\pipeline_20260316_175515.log
17:55:54  INFO   ========================================================
17:55:54  INFO   
17:55:54  INFO     FICHIERS ML-READY :
17:55:54  INFO       ✗  macro_global_v2.csv — non produit
17:55:54  INFO       ✗  bvar_ready.csv — non produit
17:55:54  INFO       ✗  hmm_ready.csv — non produit
17:55:54  INFO       ✗  nk_ready.csv — non produit
17:55:54  ERROR  
17:55:54  ERROR    ⚠  DES ÉTAPES ONT ÉCHOUÉ. Vérifier les logs ci-dessus.
17:55:54  ERROR       Astuce : relancer avec --step N pour reprendre à l'étape N.
