00:10:46  INFO   ========================================================
00:10:46  INFO     CEMAC MONETARY INTELLIGENCE — PIPELINE
00:10:46  INFO     Démarrage : 2026-03-17 00:10:46
00:10:46  INFO     Run ID    : 20260317_001046
00:10:46  INFO     Racine    : C:\Users\HOME\Downloads\beac-project
00:10:46  INFO   ========================================================
00:10:46  INFO   ────────────────────────────────────────────────────────
00:10:46  INFO     VALIDATION ENVIRONNEMENT
00:10:46  INFO   ────────────────────────────────────────────────────────
00:10:46  INFO     ✓  datalake\raw\beac\IPC_CMR.xlsx
00:10:46  INFO     ✓  datalake\raw\beac\COMPTES_NAT_CMR.xlsx
00:10:46  INFO     ✓  datalake\raw\beac\STAT_MONETAIRE_CMR.xlsx
00:10:46  INFO     ✓  datalake\raw\beac\RESERVES_CMR.xlsx
00:10:46  INFO     ✓  datalake\raw\beac\TOFE_CMR.xlsx
00:10:46  INFO     ✓  datalake\raw\beac\TIAO_-_Copie.xlsx
00:10:46  INFO     ✓  datalake\raw\beac\Base_inflation_CEMAC.xlsx
00:10:46  INFO     ✓  datalake\raw\beac\Reserves_Change_CEMAC.xlsx
00:10:46  INFO     ✓  FRED_API_KEY définie (c024****)
00:10:46  WARNING    ⚠  Routing.sh absent → étape 1 ignorée
00:10:46  INFO   
00:10:46  INFO     Étapes à exécuter : [8, 9, 10, 11]
00:10:46  INFO   
00:10:46  INFO     ▶  [08] ETL Séries manuelles BEAC → manual_series.csv
00:11:12  INFO          ==========================================================
00:11:12  INFO            [1] beac_rate  <--  TIAO_-_Copie.xlsx / TIAOTRI
00:11:12  INFO          ==========================================================
00:11:12  INFO            Observations : 68
00:11:12  INFO            Periode      : 2008-Q1 -> 2024-Q4
00:11:12  INFO            Moy=3.75%  Min=2.45%  Max=5.50%
00:11:12  INFO            Trimestre    Calc     Ref  Statut
00:11:12  INFO            2013-Q2      3.25    3.25  OK  Baisse BEAC mars 2013
00:11:12  INFO            2015-Q3      2.45    2.45  OK  Plancher historique 2015
00:11:13  INFO   NumExpr defaulting to 4 threads.
00:11:14  INFO     ✓  [08] OK — manual_series.csv (68 lignes, 2 Ko) en 25.4s
00:11:14  INFO   
00:11:14  WARNING    ⚠  [9] IGNORÉ ($FRED_API_KEY non définie) : ETL Externe FRED → external.csv
00:11:14  INFO   
00:11:14  INFO     ▶  [10] Fusion globale → macro_global_v1.csv
00:11:16  INFO     ✓  [10] OK — macro_global_v1.csv (64 lignes, 14 Ko) en 2.5s
00:11:16  INFO   
00:11:16  INFO     ▶  [11] Préparation ML → macro_global_v2.csv + ready CSVs
00:11:19  INFO     ✓  [11] OK — macro_global_v2.csv (64 lignes, 17 Ko) en 3.3s
00:11:19  INFO   
00:11:19  INFO   
00:11:19  INFO   ========================================================
00:11:19  INFO     RAPPORT D'EXÉCUTION DU PIPELINE
00:11:19  INFO   ========================================================
00:11:19  INFO     [08] OK       ETL Séries manuelles BEAC → manual_series.csv  68 lignes
00:11:19  INFO     [09] IGNORÉ   ETL Externe FRED → external.csv
00:11:19  INFO     [10] OK       Fusion globale → macro_global_v1.csv  64 lignes
00:11:19  INFO     [11] OK       Préparation ML → macro_global_v2.csv + ready CSVs  64 lignes
00:11:19  INFO   
00:11:19  INFO     Réussi   : 3 étapes
00:11:19  INFO     Ignoré   : 1 étapes (optionnelles)
00:11:19  INFO     Échoué   : 0 étapes
00:11:19  INFO     Durée totale : 33.0s
00:11:19  INFO     Log sauvegardé : C:\Users\HOME\Downloads\beac-project\logs\pipeline_20260317_001046.log
00:11:19  INFO   ========================================================
00:11:19  INFO   
00:11:19  INFO     FICHIERS ML-READY :
00:11:20  INFO       ✓  macro_global_v2.csv       64×39  NaN=14
00:11:20  INFO       ✓  bvar_ready.csv            60×9  NaN=0
00:11:20  INFO       ✓  hmm_ready.csv             64×5  NaN=0
00:11:20  INFO       ✓  nk_ready.csv              63×11  NaN=0
