16:02:45  INFO   ========================================================
16:02:45  INFO     CEMAC MONETARY INTELLIGENCE — PIPELINE
16:02:45  INFO     Démarrage : 2026-03-16 16:02:45
16:02:45  INFO     Run ID    : 20260316_160245
16:02:45  INFO     Racine    : C:\Users\HOME\Downloads\beac-project
16:02:45  INFO   ========================================================
16:02:45  INFO   ────────────────────────────────────────────────────────
16:02:45  INFO     VALIDATION ENVIRONNEMENT
16:02:45  INFO   ────────────────────────────────────────────────────────
16:02:45  INFO     ✓  datalake\raw\beac\IPC_CMR.xlsx
16:02:46  INFO     ✓  datalake\raw\beac\COMPTES_NAT_CMR.xlsx
16:02:46  INFO     ✓  datalake\raw\beac\STAT_MONETAIRE_CMR.xlsx
16:02:46  INFO     ✓  datalake\raw\beac\RESERVES_CMR.xlsx
16:02:46  INFO     ✓  datalake\raw\beac\TOFE_CMR.xlsx
16:02:46  INFO     ✓  datalake\raw\beac\TIAO_-_Copie.xlsx
16:02:46  INFO     ✓  datalake\raw\beac\Base_inflation_CEMAC.xlsx
16:02:46  INFO     ✓  datalake\raw\beac\Reserves_Change_CEMAC.xlsx
16:02:46  INFO     ✓  FRED_API_KEY définie (c024****)
16:02:46  WARNING    ⚠  Routing.sh absent → étape 1 ignorée
16:02:46  INFO   
16:02:46  INFO     Étapes à exécuter : [2, 3, 4, 5, 6, 7, 8, 9, 10, 11]
16:02:46  INFO   
16:02:46  INFO     ▶  [02] ETL IPC → ipc.csv
16:02:47  ERROR    ✗  [02] ÉCHEC (retcode=1)
16:02:47  ERROR         Traceback (most recent call last):
  File "C:\Users\HOME\Downloads\beac-project\pipeline\final_transform_ipc.py", line 29, in <module>
    from config import PATHS, PARAMS
ModuleNotFoundError: No module named 'config'
16:02:47  ERROR  
16:02:47  ERROR    Étape critique 2 échouée — pipeline interrompu.
16:02:47  ERROR    Relancer avec : python run_pipeline.py --step 2
16:02:47  INFO   
16:02:47  INFO   ========================================================
16:02:47  INFO     RAPPORT D'EXÉCUTION DU PIPELINE
16:02:47  INFO   ========================================================
16:02:47  INFO     [02] ÉCHEC    ETL IPC → ipc.csv
16:02:47  INFO             ↳ Traceback (most recent call last):
  File "C:\Users\HOME\Downloads\beac-project\
16:02:47  INFO   
16:02:47  INFO     Réussi   : 0 étapes
16:02:47  INFO     Ignoré   : 0 étapes (optionnelles)
16:02:47  INFO     Échoué   : 1 étapes
16:02:47  INFO     Durée totale : 1.5s
16:02:47  INFO     Log sauvegardé : C:\Users\HOME\Downloads\beac-project\logs\pipeline_20260316_160245.log
16:02:47  INFO   ========================================================
16:02:47  INFO   
16:02:47  INFO     FICHIERS ML-READY :
16:02:47  INFO       ✗  macro_global_v2.csv — non produit
16:02:47  INFO       ✗  bvar_ready.csv — non produit
16:02:47  INFO       ✗  hmm_ready.csv — non produit
16:02:47  INFO       ✗  nk_ready.csv — non produit
16:02:47  ERROR  
16:02:47  ERROR    ⚠  DES ÉTAPES ONT ÉCHOUÉ. Vérifier les logs ci-dessus.
16:02:47  ERROR       Astuce : relancer avec --step N pour reprendre à l'étape N.
