23:24:05  INFO   ========================================================
23:24:05  INFO     CEMAC MONETARY INTELLIGENCE — PIPELINE
23:24:05  INFO     Démarrage : 2026-03-16 23:24:05
23:24:05  INFO     Run ID    : 20260316_232405
23:24:05  INFO     Racine    : C:\Users\HOME\Downloads\beac-project
23:24:05  INFO   ========================================================
23:24:05  INFO   ────────────────────────────────────────────────────────
23:24:05  INFO     VALIDATION ENVIRONNEMENT
23:24:05  INFO   ────────────────────────────────────────────────────────
23:24:05  INFO     ✓  datalake\raw\beac\IPC_CMR.xlsx
23:24:05  INFO     ✓  datalake\raw\beac\COMPTES_NAT_CMR.xlsx
23:24:05  INFO     ✓  datalake\raw\beac\STAT_MONETAIRE_CMR.xlsx
23:24:05  INFO     ✓  datalake\raw\beac\RESERVES_CMR.xlsx
23:24:05  INFO     ✓  datalake\raw\beac\TOFE_CMR.xlsx
23:24:06  INFO     ✓  datalake\raw\beac\TIAO_-_Copie.xlsx
23:24:06  INFO     ✓  datalake\raw\beac\Base_inflation_CEMAC.xlsx
23:24:06  INFO     ✓  datalake\raw\beac\Reserves_Change_CEMAC.xlsx
23:24:06  INFO     ✓  FRED_API_KEY définie (c024****)
23:24:06  WARNING    ⚠  Routing.sh absent → étape 1 ignorée
23:24:06  INFO   
23:24:06  INFO     Étapes à exécuter : [2, 3, 4, 5, 6, 7, 8, 9, 10, 11]
23:24:06  INFO   
23:24:06  INFO     ▶  [02] ETL IPC → ipc.csv
23:24:34  ERROR    ✗  [02] ÉCHEC (retcode=1)
23:24:34  ERROR         
        self.filepath_or_buffer,
        ^^^^^^^^^^^^^^^^^^^^^^^^
    ...<4 lines>...
        storage_options=self.storage_options,
        ^^^^^^^^^^^^^^^^^^^^^^^^^^^^^^^^^^^^^
    ) as handles:
    ^
  File "C:\Users\HOME\anaconda3\Lib\site-packages\pandas\io\common.py", line 873, in get_handle
    handle = open(
        handle,
    ...<3 lines>...
        newline="",
    )
PermissionError: [Errno 13] Permission denied: 'C:\\Users\\HOME\\Downloads\\beac-project\\datalake\\data\\beac\\ipc.csv'
23:24:34  ERROR  
23:24:34  ERROR    Étape critique 2 échouée — pipeline interrompu.
23:24:34  ERROR    Relancer avec : python run_pipeline.py --step 2
23:24:34  INFO   
23:24:34  INFO   ========================================================
23:24:34  INFO     RAPPORT D'EXÉCUTION DU PIPELINE
23:24:34  INFO   ========================================================
23:24:34  INFO     [02] ÉCHEC    ETL IPC → ipc.csv
23:24:34  INFO             ↳ 
        self.filepath_or_buffer,
        ^^^^^^^^^^^^^^^^^^^^^^^^
    ...<4 lin
23:24:34  INFO   
23:24:34  INFO     Réussi   : 0 étapes
23:24:34  INFO     Ignoré   : 0 étapes (optionnelles)
23:24:34  INFO     Échoué   : 1 étapes
23:24:34  INFO     Durée totale : 28.3s
23:24:34  INFO     Log sauvegardé : C:\Users\HOME\Downloads\beac-project\logs\pipeline_20260316_232405.log
23:24:34  INFO   ========================================================
23:24:34  INFO   
23:24:34  INFO     FICHIERS ML-READY :
23:24:34  INFO       ✗  macro_global_v2.csv — non produit
23:24:34  INFO       ✗  bvar_ready.csv — non produit
23:24:34  INFO       ✗  hmm_ready.csv — non produit
23:24:34  INFO       ✗  nk_ready.csv — non produit
23:24:34  ERROR  
23:24:34  ERROR    ⚠  DES ÉTAPES ONT ÉCHOUÉ. Vérifier les logs ci-dessus.
23:24:34  ERROR       Astuce : relancer avec --step N pour reprendre à l'étape N.
