00:04:34  INFO   ========================================================
00:04:34  INFO     CEMAC MONETARY INTELLIGENCE — PIPELINE
00:04:34  INFO     Démarrage : 2026-03-17 00:04:34
00:04:34  INFO     Run ID    : 20260317_000434
00:04:34  INFO     Racine    : C:\Users\HOME\Downloads\beac-project
00:04:34  INFO   ========================================================
00:04:34  INFO   ────────────────────────────────────────────────────────
00:04:34  INFO     VALIDATION ENVIRONNEMENT
00:04:34  INFO   ────────────────────────────────────────────────────────
00:04:34  INFO     ✓  datalake\raw\beac\IPC_CMR.xlsx
00:04:34  INFO     ✓  datalake\raw\beac\COMPTES_NAT_CMR.xlsx
00:04:34  INFO     ✓  datalake\raw\beac\STAT_MONETAIRE_CMR.xlsx
00:04:34  INFO     ✓  datalake\raw\beac\RESERVES_CMR.xlsx
00:04:34  INFO     ✓  datalake\raw\beac\TOFE_CMR.xlsx
00:04:34  INFO     ✓  datalake\raw\beac\TIAO_-_Copie.xlsx
00:04:34  INFO     ✓  datalake\raw\beac\Base_inflation_CEMAC.xlsx
00:04:34  INFO     ✓  datalake\raw\beac\Reserves_Change_CEMAC.xlsx
00:04:34  INFO     ✓  FRED_API_KEY définie (c024****)
00:04:34  WARNING    ⚠  Routing.sh absent → étape 1 ignorée
00:04:34  INFO   
00:04:34  INFO     Étapes à exécuter : [8, 9, 10, 11]
00:04:34  INFO   
00:04:34  INFO     ▶  [08] ETL Séries manuelles BEAC → manual_series.csv
00:05:07  ERROR    ✗  [08] ÉCHEC (retcode=1)
00:05:07  ERROR         cel_format
    with get_handle(
         ~~~~~~~~~~^
        content_or_path, "rb", storage_options=storage_options, is_text=False
        ^^^^^^^^^^^^^^^^^^^^^^^^^^^^^^^^^^^^^^^^^^^^^^^^^^^^^^^^^^^^^^^^^^^^^
    ) as handle:
    ^
  File "C:\Users\HOME\anaconda3\Lib\site-packages\pandas\io\common.py", line 882, in get_handle
    handle = open(handle, ioargs.mode)
FileNotFoundError: [Errno 2] No such file or directory: 'C:\\Users\\HOME\\Downloads\\beac-project\\datalake\\raw\\beac/TIAO_CMR.xlsx'
00:05:07  ERROR  
00:05:07  ERROR    Étape critique 8 échouée — pipeline interrompu.
00:05:07  ERROR    Relancer avec : python run_pipeline.py --step 8
00:05:07  INFO   
00:05:07  INFO   ========================================================
00:05:07  INFO     RAPPORT D'EXÉCUTION DU PIPELINE
00:05:07  INFO   ========================================================
00:05:07  INFO     [08] ÉCHEC    ETL Séries manuelles BEAC → manual_series.csv
00:05:07  INFO             ↳ cel_format
    with get_handle(
         ~~~~~~~~~~^
        content_or_path, "r
00:05:07  INFO   
00:05:07  INFO     Réussi   : 0 étapes
00:05:07  INFO     Ignoré   : 0 étapes (optionnelles)
00:05:07  INFO     Échoué   : 1 étapes
00:05:07  INFO     Durée totale : 32.3s
00:05:07  INFO     Log sauvegardé : C:\Users\HOME\Downloads\beac-project\logs\pipeline_20260317_000434.log
00:05:07  INFO   ========================================================
00:05:07  INFO   
00:05:07  INFO     FICHIERS ML-READY :
00:05:07  INFO       ✗  macro_global_v2.csv — non produit
00:05:07  INFO       ✗  bvar_ready.csv — non produit
00:05:07  INFO       ✗  hmm_ready.csv — non produit
00:05:07  INFO       ✗  nk_ready.csv — non produit
00:05:07  ERROR  
00:05:07  ERROR    ⚠  DES ÉTAPES ONT ÉCHOUÉ. Vérifier les logs ci-dessus.
00:05:07  ERROR       Astuce : relancer avec --step N pour reprendre à l'étape N.
