17:37:57  INFO   ========================================================
17:37:57  INFO     CEMAC MONETARY INTELLIGENCE — PIPELINE
17:37:57  INFO     Démarrage : 2026-03-16 17:37:57
17:37:57  INFO     Run ID    : 20260316_173757
17:37:57  INFO     Racine    : C:\Users\HOME\Downloads\beac-project
17:37:57  INFO   ========================================================
17:37:57  INFO   ────────────────────────────────────────────────────────
17:37:57  INFO     VALIDATION ENVIRONNEMENT
17:37:57  INFO   ────────────────────────────────────────────────────────
17:37:57  INFO     ✓  datalake\raw\beac\IPC_CMR.xlsx
17:37:57  INFO     ✓  datalake\raw\beac\COMPTES_NAT_CMR.xlsx
17:37:57  INFO     ✓  datalake\raw\beac\STAT_MONETAIRE_CMR.xlsx
17:37:57  INFO     ✓  datalake\raw\beac\RESERVES_CMR.xlsx
17:37:57  INFO     ✓  datalake\raw\beac\TOFE_CMR.xlsx
17:37:57  INFO     ✓  datalake\raw\beac\TIAO_-_Copie.xlsx
17:37:57  INFO     ✓  datalake\raw\beac\Base_inflation_CEMAC.xlsx
17:37:57  INFO     ✓  datalake\raw\beac\Reserves_Change_CEMAC.xlsx
17:37:57  INFO     ✓  FRED_API_KEY définie (c024****)
17:37:57  WARNING    ⚠  Routing.sh absent → étape 1 ignorée
17:37:57  INFO   
17:37:57  INFO     Étapes à exécuter : [2, 3, 4, 5, 6, 7, 8, 9, 10, 11]
17:37:57  INFO   
17:37:57  INFO     ▶  [02] ETL IPC → ipc.csv
17:38:28  ERROR    ✗  [02] ÉCHEC (retcode=1)
17:38:28  ERROR         %"
          ^^^^^^^^^^^^^^^^^^^^^^^^^^^^^^^^^^^^^^^^^^^^^^^
          f"  |  null {ipc['inflation'].isna().sum()}")
          ^^^^^^^^^^^^^^^^^^^^^^^^^^^^^^^^^^^^^^^^^^^^^
  File "C:\Users\HOME\anaconda3\Lib\encodings\cp1252.py", line 19, in encode
    return codecs.charmap_encode(input,self.errors,encoding_table)[0]
           ~~~~~~~~~~~~~~~~~~~~~^^^^^^^^^^^^^^^^^^^^^^^^^^^^^^^^^^
UnicodeEncodeError: 'charmap' codec can't encode character '\u2192' in position 24: character maps to <undefined>
17:38:28  ERROR  
17:38:28  ERROR    Étape critique 2 échouée — pipeline interrompu.
17:38:28  ERROR    Relancer avec : python run_pipeline.py --step 2
17:38:28  INFO   
17:38:28  INFO   ========================================================
17:38:28  INFO     RAPPORT D'EXÉCUTION DU PIPELINE
17:38:28  INFO   ========================================================
17:38:28  INFO     [02] ÉCHEC    ETL IPC → ipc.csv
17:38:28  INFO             ↳ %"
          ^^^^^^^^^^^^^^^^^^^^^^^^^^^^^^^^^^^^^^^^^^^^^^^
          f"  |  nu
17:38:28  INFO   
17:38:28  INFO     Réussi   : 0 étapes
17:38:28  INFO     Ignoré   : 0 étapes (optionnelles)
17:38:28  INFO     Échoué   : 1 étapes
17:38:28  INFO     Durée totale : 31.4s
17:38:28  INFO     Log sauvegardé : C:\Users\HOME\Downloads\beac-project\logs\pipeline_20260316_173757.log
17:38:28  INFO   ========================================================
17:38:28  INFO   
17:38:28  INFO     FICHIERS ML-READY :
17:38:28  INFO       ✗  macro_global_v2.csv — non produit
17:38:28  INFO       ✗  bvar_ready.csv — non produit
17:38:28  INFO       ✗  hmm_ready.csv — non produit
17:38:28  INFO       ✗  nk_ready.csv — non produit
17:38:28  ERROR  
17:38:28  ERROR    ⚠  DES ÉTAPES ONT ÉCHOUÉ. Vérifier les logs ci-dessus.
17:38:28  ERROR       Astuce : relancer avec --step N pour reprendre à l'étape N.
