16:13:30  INFO   ========================================================
16:13:30  INFO     CEMAC MONETARY INTELLIGENCE — PIPELINE
16:13:30  INFO     Démarrage : 2026-03-16 16:13:30
16:13:30  INFO     Run ID    : 20260316_161330
16:13:30  INFO     Racine    : C:\Users\HOME\Downloads\beac-project
16:13:30  INFO   ========================================================
16:13:30  INFO   ────────────────────────────────────────────────────────
16:13:31  INFO     VALIDATION ENVIRONNEMENT
16:13:31  INFO   ────────────────────────────────────────────────────────
16:13:31  INFO     ✓  datalake\raw\beac\IPC_CMR.xlsx
16:13:31  INFO     ✓  datalake\raw\beac\COMPTES_NAT_CMR.xlsx
16:13:31  INFO     ✓  datalake\raw\beac\STAT_MONETAIRE_CMR.xlsx
16:13:31  INFO     ✓  datalake\raw\beac\RESERVES_CMR.xlsx
16:13:31  INFO     ✓  datalake\raw\beac\TOFE_CMR.xlsx
16:13:31  INFO     ✓  datalake\raw\beac\TIAO_-_Copie.xlsx
16:13:31  INFO     ✓  datalake\raw\beac\Base_inflation_CEMAC.xlsx
16:13:31  INFO     ✓  datalake\raw\beac\Reserves_Change_CEMAC.xlsx
16:13:31  INFO     ✓  FRED_API_KEY définie (c024****)
16:13:31  WARNING    ⚠  Routing.sh absent → étape 1 ignorée
16:13:31  INFO   
16:13:31  INFO     Étapes à exécuter : [2, 3, 4, 5, 6, 7, 8, 9, 10, 11]
16:13:31  INFO   
16:13:31  INFO     ▶  [02] ETL IPC → ipc.csv
16:13:31  ERROR    ✗  [02] ÉCHEC (retcode=1)
16:13:31  ERROR         Traceback (most recent call last):
  File "C:\Users\HOME\Downloads\beac-project\pipeline\final_transform_ipc.py", line 29, in <module>
    from config import PATHS, PARAMS
ModuleNotFoundError: No module named 'config'
16:13:31  ERROR  
16:13:31  ERROR    Étape critique 2 échouée — pipeline interrompu.
16:13:31  ERROR    Relancer avec : python run_pipeline.py --step 2
16:13:31  INFO   
16:13:31  INFO   ========================================================
16:13:31  INFO     RAPPORT D'EXÉCUTION DU PIPELINE
16:13:31  INFO   ========================================================
16:13:31  INFO     [02] ÉCHEC    ETL IPC → ipc.csv
16:13:31  INFO             ↳ Traceback (most recent call last):
  File "C:\Users\HOME\Downloads\beac-project\
16:13:31  INFO   
16:13:31  INFO     Réussi   : 0 étapes
16:13:31  INFO     Ignoré   : 0 étapes (optionnelles)
16:13:31  INFO     Échoué   : 1 étapes
16:13:31  INFO     Durée totale : 0.3s
16:13:31  INFO     Log sauvegardé : C:\Users\HOME\Downloads\beac-project\logs\pipeline_20260316_161330.log
16:13:31  INFO   ========================================================
16:13:31  INFO   
16:13:31  INFO     FICHIERS ML-READY :
16:13:31  INFO       ✗  macro_global_v2.csv — non produit
16:13:31  INFO       ✗  bvar_ready.csv — non produit
16:13:31  INFO       ✗  hmm_ready.csv — non produit
16:13:31  INFO       ✗  nk_ready.csv — non produit
16:13:31  ERROR  
16:13:31  ERROR    ⚠  DES ÉTAPES ONT ÉCHOUÉ. Vérifier les logs ci-dessus.
16:13:31  ERROR       Astuce : relancer avec --step N pour reprendre à l'étape N.
