13:11:56  INFO   ========================================================
13:11:56  INFO     CEMAC MONETARY INTELLIGENCE — PIPELINE
13:11:56  INFO     Démarrage : 2026-03-16 13:11:56
13:11:56  INFO     Run ID    : 20260316_131156
13:11:56  INFO     Racine    : C:\Users\HOME\Downloads\beac-project
13:11:56  INFO   ========================================================
13:11:56  INFO   ────────────────────────────────────────────────────────
13:11:56  INFO     VALIDATION ENVIRONNEMENT
13:11:56  INFO   ────────────────────────────────────────────────────────
13:11:57  INFO     ✓  datalake\raw\beac\IPC_CMR.xlsx
13:11:57  INFO     ✓  datalake\raw\beac\COMPTES_NAT_CMR.xlsx
13:11:57  INFO     ✓  datalake\raw\beac\STAT_MONETAIRE_CMR.xlsx
13:11:57  INFO     ✓  datalake\raw\beac\RESERVES_CMR.xlsx
13:11:57  INFO     ✓  datalake\raw\beac\TOFE_CMR.xlsx
13:11:57  INFO     ✓  datalake\raw\beac\TIAO_-_Copie.xlsx
13:11:57  INFO     ✓  datalake\raw\beac\Base_inflation_CEMAC.xlsx
13:11:57  INFO     ✓  datalake\raw\beac\Reserves_Change_CEMAC.xlsx
13:11:57  INFO     ✓  FRED_API_KEY définie (c024****)
13:11:57  WARNING    ⚠  Routing.sh absent → étape 1 ignorée
13:11:57  INFO   
13:11:57  INFO     Étapes à exécuter : [1, 2, 3, 4, 5, 6, 7, 8, 9, 10, 11]
13:11:57  INFO   
13:11:57  INFO     ▶  [01] Routing — dispatch staging → raw/
13:11:59  ERROR    ✗  [01] ÉCHEC (retcode=1)
13:11:59  ERROR         Code de retour non-zéro
13:11:59  ERROR  
13:11:59  ERROR    Étape critique 1 échouée — pipeline interrompu.
13:11:59  ERROR    Relancer avec : python run_pipeline.py --step 1
13:11:59  INFO   
13:11:59  INFO   ========================================================
13:11:59  INFO     RAPPORT D'EXÉCUTION DU PIPELINE
13:11:59  INFO   ========================================================
13:11:59  INFO     [01] ÉCHEC    Routing — dispatch staging → raw/
13:11:59  INFO             ↳ Code de retour non-zéro
13:11:59  INFO   
13:11:59  INFO     Réussi   : 0 étapes
13:11:59  INFO     Ignoré   : 0 étapes (optionnelles)
13:11:59  INFO     Échoué   : 1 étapes
13:11:59  INFO     Durée totale : 1.8s
13:11:59  INFO     Log sauvegardé : C:\Users\HOME\Downloads\beac-project\logs\pipeline_20260316_131156.log
13:11:59  INFO   ========================================================
13:11:59  INFO   
13:11:59  INFO     FICHIERS ML-READY :
13:11:59  INFO       ✗  macro_global_v2.csv — non produit
13:11:59  INFO       ✗  bvar_ready.csv — non produit
13:11:59  INFO       ✗  hmm_ready.csv — non produit
13:11:59  INFO       ✗  nk_ready.csv — non produit
13:11:59  ERROR  
13:11:59  ERROR    ⚠  DES ÉTAPES ONT ÉCHOUÉ. Vérifier les logs ci-dessus.
13:11:59  ERROR       Astuce : relancer avec --step N pour reprendre à l'étape N.
