14:24:26  INFO   ========================================================
14:24:26  INFO     CEMAC MONETARY INTELLIGENCE — PIPELINE
14:24:26  INFO     Démarrage : 2026-03-15 14:24:26
14:24:26  INFO     Run ID    : 20260315_142426
14:24:26  INFO     Racine    : C:\Users\HOME\Downloads\beac-project
14:24:26  INFO   ========================================================
14:24:26  INFO   ────────────────────────────────────────────────────────
14:24:26  INFO     VALIDATION ENVIRONNEMENT
14:24:26  INFO   ────────────────────────────────────────────────────────
14:24:26  INFO     ✓  datalake\raw\beac\IPC_CMR.xlsx
14:24:26  INFO     ✓  datalake\raw\beac\COMPTES_NAT_CMR.xlsx
14:24:26  INFO     ✓  datalake\raw\beac\STAT_MONETAIRE_CMR.xlsx
14:24:26  INFO     ✓  datalake\raw\beac\RESERVES_CMR.xlsx
14:24:26  INFO     ✓  datalake\raw\beac\TOFE_CMR.xlsx
14:24:26  INFO     ✓  datalake\raw\beac\TIAO_-_Copie.xlsx
14:24:26  INFO     ✓  datalake\raw\beac\Base_inflation_CEMAC.xlsx
14:24:26  INFO     ✓  datalake\raw\beac\Reserves_Change_CEMAC.xlsx
14:24:26  INFO     ✓  FRED_API_KEY définie (c024****)
14:24:26  WARNING    ⚠  Routing.sh absent → étape 1 ignorée
14:24:26  INFO   
14:24:26  INFO     Étapes à exécuter : [1, 2, 3, 4, 5, 6, 7, 8, 9, 10, 11]
14:24:26  INFO   
14:24:26  INFO     ▶  [01] Routing — dispatch staging → raw/
14:24:26  ERROR    ✗  [01] ÉCHEC (retcode=1)
14:24:26  ERROR         Code de retour non-zéro
14:24:26  ERROR  
14:24:26  ERROR    Étape critique 1 échouée — pipeline interrompu.
14:24:26  ERROR    Relancer avec : python run_pipeline.py --step 1
14:24:26  INFO   
14:24:26  INFO   ========================================================
14:24:26  INFO     RAPPORT D'EXÉCUTION DU PIPELINE
14:24:26  INFO   ========================================================
14:24:26  INFO     [01] ÉCHEC    Routing — dispatch staging → raw/
14:24:26  INFO             ↳ Code de retour non-zéro
14:24:26  INFO   
14:24:26  INFO     Réussi   : 0 étapes
14:24:26  INFO     Ignoré   : 0 étapes (optionnelles)
14:24:26  INFO     Échoué   : 1 étapes
14:24:26  INFO     Durée totale : 0.2s
14:24:26  INFO     Log sauvegardé : C:\Users\HOME\Downloads\beac-project\logs\pipeline_20260315_142426.log
14:24:26  INFO   ========================================================
14:24:26  INFO   
14:24:26  INFO     FICHIERS ML-READY :
14:24:26  INFO       ✗  macro_global_v2.csv — non produit
14:24:26  INFO       ✗  bvar_ready.csv — non produit
14:24:26  INFO       ✗  hmm_ready.csv — non produit
14:24:26  INFO       ✗  nk_ready.csv — non produit
14:24:26  ERROR  
14:24:26  ERROR    ⚠  DES ÉTAPES ONT ÉCHOUÉ. Vérifier les logs ci-dessus.
14:24:26  ERROR       Astuce : relancer avec --step N pour reprendre à l'étape N.
