23:29:45  INFO   ========================================================
23:29:45  INFO     CEMAC MONETARY INTELLIGENCE — PIPELINE
23:29:45  INFO     Démarrage : 2026-03-16 23:29:45
23:29:45  INFO     Run ID    : 20260316_232945
23:29:45  INFO     Racine    : C:\Users\HOME\Downloads\beac-project
23:29:45  INFO   ========================================================
23:29:45  INFO   ────────────────────────────────────────────────────────
23:29:45  INFO     VALIDATION ENVIRONNEMENT
23:29:45  INFO   ────────────────────────────────────────────────────────
23:29:45  INFO     ✓  datalake\raw\beac\IPC_CMR.xlsx
23:29:45  INFO     ✓  datalake\raw\beac\COMPTES_NAT_CMR.xlsx
23:29:45  INFO     ✓  datalake\raw\beac\STAT_MONETAIRE_CMR.xlsx
23:29:45  INFO     ✓  datalake\raw\beac\RESERVES_CMR.xlsx
23:29:45  INFO     ✓  datalake\raw\beac\TOFE_CMR.xlsx
23:29:45  INFO     ✓  datalake\raw\beac\TIAO_-_Copie.xlsx
23:29:45  INFO     ✓  datalake\raw\beac\Base_inflation_CEMAC.xlsx
23:29:45  INFO     ✓  datalake\raw\beac\Reserves_Change_CEMAC.xlsx
23:29:45  INFO     ✓  FRED_API_KEY définie (c024****)
23:29:45  WARNING    ⚠  Routing.sh absent → étape 1 ignorée
23:29:45  INFO   
23:29:45  INFO     Étapes à exécuter : [2, 3, 4, 5, 6, 7, 8, 9, 10, 11]
23:29:45  INFO   
23:29:45  INFO     ▶  [02] ETL IPC → ipc.csv
23:29:45  ERROR    ✗  [02] ÉCHEC (retcode=1)
23:29:45  ERROR         Traceback (most recent call last):
  File "C:\Users\HOME\Downloads\beac-project\pipeline\final_transform_ipc.py", line 29, in <module>
    from config import PATHS, PARAMS
ImportError: cannot import name 'PATHS' from 'config' (C:\Users\HOME\Downloads\beac-project\config.py)
23:29:45  ERROR  
23:29:45  ERROR    Étape critique 2 échouée — pipeline interrompu.
23:29:45  ERROR    Relancer avec : python run_pipeline.py --step 2
23:29:45  INFO   
23:29:45  INFO   ========================================================
23:29:45  INFO     RAPPORT D'EXÉCUTION DU PIPELINE
23:29:45  INFO   ========================================================
23:29:45  INFO     [02] ÉCHEC    ETL IPC → ipc.csv
23:29:45  INFO             ↳ Traceback (most recent call last):
  File "C:\Users\HOME\Downloads\beac-project\
23:29:45  INFO   
23:29:45  INFO     Réussi   : 0 étapes
23:29:45  INFO     Ignoré   : 0 étapes (optionnelles)
23:29:45  INFO     Échoué   : 1 étapes
23:29:45  INFO     Durée totale : 0.4s
23:29:45  INFO     Log sauvegardé : C:\Users\HOME\Downloads\beac-project\logs\pipeline_20260316_232945.log
23:29:45  INFO   ========================================================
23:29:45  INFO   
23:29:45  INFO     FICHIERS ML-READY :
23:29:45  INFO       ✗  macro_global_v2.csv — non produit
23:29:45  INFO       ✗  bvar_ready.csv — non produit
23:29:45  INFO       ✗  hmm_ready.csv — non produit
23:29:45  INFO       ✗  nk_ready.csv — non produit
23:29:45  ERROR  
23:29:45  ERROR    ⚠  DES ÉTAPES ONT ÉCHOUÉ. Vérifier les logs ci-dessus.
23:29:45  ERROR       Astuce : relancer avec --step N pour reprendre à l'étape N.
