00:41:28  INFO   ========================================================
00:41:28  INFO     CEMAC MONETARY INTELLIGENCE — PIPELINE
00:41:28  INFO     Démarrage : 2026-03-17 00:41:28
00:41:28  INFO     Run ID    : 20260317_004128
00:41:28  INFO     Racine    : C:\Users\HOME\Downloads\beac-project
00:41:28  INFO   ========================================================
00:41:28  INFO   ────────────────────────────────────────────────────────
00:41:28  INFO     VALIDATION ENVIRONNEMENT
00:41:28  INFO   ────────────────────────────────────────────────────────
00:41:28  INFO     ✓  datalake\raw\beac\IPC_CMR.xlsx
00:41:28  INFO     ✓  datalake\raw\beac\COMPTES_NAT_CMR.xlsx
00:41:28  INFO     ✓  datalake\raw\beac\STAT_MONETAIRE_CMR.xlsx
00:41:28  INFO     ✓  datalake\raw\beac\RESERVES_CMR.xlsx
00:41:28  INFO     ✓  datalake\raw\beac\TOFE_CMR.xlsx
00:41:28  INFO     ✓  datalake\raw\beac\TIAO_-_Copie.xlsx
00:41:28  INFO     ✓  datalake\raw\beac\Base_inflation_CEMAC.xlsx
00:41:28  INFO     ✓  datalake\raw\beac\Reserves_Change_CEMAC.xlsx
00:41:28  INFO     ✓  FRED_API_KEY définie (c024****)
00:41:28  WARNING    ⚠  Routing.sh absent → étape 1 ignorée
00:41:28  INFO   
00:41:28  INFO     Étapes à exécuter : [9, 10, 11]
00:41:28  INFO   
00:41:28  WARNING    ⚠  [9] IGNORÉ ($FRED_API_KEY non définie) : ETL Externe FRED → external.csv
00:41:28  INFO   
00:41:28  WARNING    ⚠  [10] IGNORÉ ($c0242246dcdb31d842c5d3f3e4c0a4bc non définie) : Fusion globale → macro_global_v1.csv
00:41:28  INFO   
00:41:28  WARNING    ⚠  [11] IGNORÉ ($c0242246dcdb31d842c5d3f3e4c0a4bc non définie) : Préparation ML → macro_global_v2.csv + ready CSVs
00:41:28  INFO   
00:41:29  INFO   
00:41:29  INFO   ========================================================
00:41:29  INFO     RAPPORT D'EXÉCUTION DU PIPELINE
00:41:29  INFO   ========================================================
00:41:29  INFO     [09] IGNORÉ   ETL Externe FRED → external.csv
00:41:29  INFO     [10] IGNORÉ   Fusion globale → macro_global_v1.csv
00:41:29  INFO     [11] IGNORÉ   Préparation ML → macro_global_v2.csv + ready CSVs
00:41:29  INFO   
00:41:29  INFO     Réussi   : 0 étapes
00:41:29  INFO     Ignoré   : 3 étapes (optionnelles)
00:41:29  INFO     Échoué   : 0 étapes
00:41:29  INFO     Durée totale : 0.0s
00:41:29  INFO     Log sauvegardé : C:\Users\HOME\Downloads\beac-project\logs\pipeline_20260317_004128.log
00:41:29  INFO   ========================================================
00:41:29  INFO   
00:41:29  INFO     FICHIERS ML-READY :
00:41:50  INFO   NumExpr defaulting to 4 threads.
00:42:01  INFO       ✓  macro_global_v2.csv       64×39  NaN=14
00:42:01  INFO       ✓  bvar_ready.csv            60×9  NaN=0
00:42:01  INFO       ✓  hmm_ready.csv             64×5  NaN=0
00:42:01  INFO       ✓  nk_ready.csv              63×11  NaN=0
